2025-10-06T15:47:44: Error fetching tickets per agent: TypeError: storage.getAllTickets is not a function
2025-10-06T15:47:44:     at file:///srv/apps/Fi.VApp-Replit/dist/index.js:3776:40
2025-10-06T15:47:44:     at Layer.handle [as handle_request] (/srv/apps/Fi.VApp-Replit/node_modules/express/lib/router/layer.js:95:5)
2025-10-06T15:47:44:     at next (/srv/apps/Fi.VApp-Replit/node_modules/express/lib/router/route.js:149:13)
2025-10-06T15:47:44:     at requireAuth (file:///srv/apps/Fi.VApp-Replit/dist/index.js:2033:5)
2025-10-06T15:47:44:     at process.processTicksAndRejections (node:internal/process/task_queues:95:5)
2025-10-06T15:47:44: Error fetching tickets today: TypeError: storage.getAllTickets is not a function
2025-10-06T15:47:44:     at file:///srv/apps/Fi.VApp-Replit/dist/index.js:3758:40
2025-10-06T15:47:44:     at Layer.handle [as handle_request] (/srv/apps/Fi.VApp-Replit/node_modules/express/lib/router/layer.js:95:5)
2025-10-06T15:47:44:     at next (/srv/apps/Fi.VApp-Replit/node_modules/express/lib/router/route.js:149:13)
2025-10-06T15:47:44:     at requireAuth (file:///srv/apps/Fi.VApp-Replit/dist/index.js:2033:5)
2025-10-06T15:47:44:     at process.processTicksAndRejections (node:internal/process/task_queues:95:5)
2025-10-06T15:58:59: Error: ENOENT: no such file or directory, stat '/srv/apps/Fi.VApp-Replit/dist/public/index.html'
2025-10-06T15:58:59: Error: ENOENT: no such file or directory, stat '/srv/apps/Fi.VApp-Replit/dist/public/index.html'
2025-10-06T15:59:02: [VIDEO] Erro ao enviar arquivo: Request aborted
2025-10-06T15:59:02: [VIDEO] Erro ao enviar arquivo: Request aborted
2025-10-06T15:59:02: [VIDEO] Erro ao enviar arquivo: Request aborted
2025-10-06T15:59:02: [VIDEO] Erro ao enviar arquivo: Request aborted
2025-10-06T15:59:03: [VIDEO] Erro ao enviar arquivo: Request aborted
2025-10-06T15:59:03: [VIDEO] Erro ao enviar arquivo: Request aborted
2025-10-06T15:59:03: [VIDEO] Erro ao enviar arquivo: Request aborted
2025-10-06T15:59:03: [VIDEO] Erro ao enviar arquivo: Request aborted
2025-10-06T15:59:04: [VIDEO] Erro ao enviar arquivo: Request aborted
2025-10-06T15:59:04: [VIDEO] Erro ao enviar arquivo: Request aborted
2025-10-06T15:59:04: [VIDEO] Erro ao enviar arquivo: Request aborted
2025-10-06T15:59:04: [VIDEO] Erro ao enviar arquivo: Request aborted
2025-10-06T15:59:05: [VIDEO] Erro ao enviar arquivo: Request aborted
2025-10-06T15:59:05: [VIDEO] Erro ao enviar arquivo: Request aborted
2025-10-06T15:59:06: [VIDEO] Erro ao enviar arquivo: Request aborted
2025-10-06T15:59:06: [VIDEO] Erro ao enviar arquivo: Request aborted
2025-10-06T15:59:06: [VIDEO] Erro ao enviar arquivo: Request aborted
2025-10-06T15:59:06: [VIDEO] Erro ao enviar arquivo: Request aborted
2025-10-06T15:59:07: [VIDEO] Erro ao enviar arquivo: Request aborted
2025-10-06T15:59:07: [VIDEO] Erro ao enviar arquivo: Request aborted
2025-10-06T15:59:08: [VIDEO] Erro ao enviar arquivo: Request aborted
2025-10-06T15:59:08: [VIDEO] Erro ao enviar arquivo: Request aborted
2025-10-06T15:59:09: [VIDEO] Erro ao enviar arquivo: Request aborted
2025-10-06T15:59:09: [VIDEO] Erro ao enviar arquivo: Request aborted
2025-10-06T15:59:10: [VIDEO] Erro ao enviar arquivo: Request aborted
2025-10-06T15:59:10: [VIDEO] Erro ao enviar arquivo: Request aborted
2025-10-06T15:59:11: [VIDEO] Erro ao enviar arquivo: Request aborted
2025-10-06T15:59:11: [VIDEO] Erro ao enviar arquivo: Request aborted
2025-10-06T15:59:12: [VIDEO] Erro ao enviar arquivo: Request aborted
2025-10-06T15:59:12: [VIDEO] Erro ao enviar arquivo: Request aborted
2025-10-06T15:59:13: [VIDEO] Erro ao enviar arquivo: Request aborted
2025-10-06T15:59:13: [VIDEO] Erro ao enviar arquivo: Request aborted
2025-10-06T15:59:14: [VIDEO] Erro ao enviar arquivo: Request aborted
2025-10-06T15:59:14: [VIDEO] Erro ao enviar arquivo: Request aborted
2025-10-06T15:59:15: [VIDEO] Erro ao enviar arquivo: Request aborted
2025-10-06T15:59:16: [VIDEO] Erro ao enviar arquivo: Request aborted
2025-10-06T15:59:16: [VIDEO] Erro ao enviar arquivo: Request aborted
2025-10-06T15:59:17: [VIDEO] Erro ao enviar arquivo: Request aborted
2025-10-06T15:59:17: [VIDEO] Erro ao enviar arquivo: Request aborted
2025-10-06T15:59:17: [VIDEO] Erro ao enviar arquivo: Request aborted
2025-10-06T15:59:18: [VIDEO] Erro ao enviar arquivo: Request aborted
2025-10-06T15:59:18: [VIDEO] Erro ao enviar arquivo: Request aborted
2025-10-06T15:59:18: [VIDEO] Erro ao enviar arquivo: Request aborted
2025-10-06T15:59:19: [VIDEO] Erro ao enviar arquivo: Request aborted
2025-10-06T15:59:19: [VIDEO] Erro ao enviar arquivo: Request aborted
2025-10-06T15:59:20: [VIDEO] Erro ao enviar arquivo: Request aborted
2025-10-06T15:59:20: [VIDEO] Erro ao enviar arquivo: Request aborted
2025-10-06T15:59:21: [VIDEO] Erro ao enviar arquivo: Request aborted
2025-10-06T15:59:21: [VIDEO] Erro ao enviar arquivo: Request aborted
2025-10-06T15:59:21: [VIDEO] Erro ao enviar arquivo: Request aborted
2025-10-06T15:59:22: [VIDEO] Erro ao enviar arquivo: Request aborted
2025-10-06T15:59:22: [VIDEO] Erro ao enviar arquivo: Request aborted
2025-10-06T15:59:22: [VIDEO] Erro ao enviar arquivo: Request aborted
2025-10-06T15:59:23: [VIDEO] Erro ao enviar arquivo: Request aborted
2025-10-06T15:59:23: [VIDEO] Erro ao enviar arquivo: Request aborted
2025-10-06T15:59:23: [VIDEO] Erro ao enviar arquivo: Request aborted
2025-10-06T15:59:23: [VIDEO] Erro ao enviar arquivo: Request aborted
2025-10-06T15:59:23: [VIDEO] Erro ao enviar arquivo: Request aborted
2025-10-06T15:59:23: [VIDEO] Erro ao enviar arquivo: Request aborted
2025-10-06T15:59:24: [VIDEO] Erro ao enviar arquivo: Request aborted
2025-10-06T15:59:24: [VIDEO] Erro ao enviar arquivo: Request aborted
2025-10-06T15:59:24: [VIDEO] Erro ao enviar arquivo: Request aborted
2025-10-06T15:59:24: [VIDEO] Erro ao enviar arquivo: Request aborted
2025-10-06T15:59:25: [VIDEO] Erro ao enviar arquivo: Request aborted
2025-10-06T15:59:25: [VIDEO] Erro ao enviar arquivo: Request aborted
2025-10-06T15:59:25: [VIDEO] Erro ao enviar arquivo: Request aborted
2025-10-06T15:59:25: [VIDEO] Erro ao enviar arquivo: Request aborted
2025-10-06T15:59:26: [VIDEO] Erro ao enviar arquivo: Request aborted
2025-10-06T15:59:26: [VIDEO] Erro ao enviar arquivo: Request aborted
2025-10-06T15:59:26: [VIDEO] Erro ao enviar arquivo: Request aborted
2025-10-06T15:59:26: [VIDEO] Erro ao enviar arquivo: Request aborted
2025-10-06T15:59:27: [VIDEO] Erro ao enviar arquivo: Request aborted
2025-10-06T15:59:27: [VIDEO] Erro ao enviar arquivo: Request aborted
2025-10-06T15:59:28: [VIDEO] Erro ao enviar arquivo: Request aborted
2025-10-06T15:59:28: [VIDEO] Erro ao enviar arquivo: Request aborted
2025-10-06T15:59:29: [VIDEO] Erro ao enviar arquivo: Request aborted
2025-10-06T15:59:29: [VIDEO] Erro ao enviar arquivo: Request aborted
2025-10-06T15:59:29: [VIDEO] Erro ao enviar arquivo: Request aborted
2025-10-06T15:59:29: [VIDEO] Erro ao enviar arquivo: Request aborted
2025-10-06T15:59:30: [VIDEO] Erro ao enviar arquivo: Request aborted
2025-10-06T15:59:30: [VIDEO] Erro ao enviar arquivo: Request aborted
2025-10-06T15:59:31: [VIDEO] Erro ao enviar arquivo: Request aborted
2025-10-06T15:59:31: [VIDEO] Erro ao enviar arquivo: Request aborted
2025-10-06T15:59:32: [VIDEO] Erro ao enviar arquivo: Request aborted
2025-10-06T15:59:32: [VIDEO] Erro ao enviar arquivo: Request aborted
2025-10-06T15:59:33: [VIDEO] Erro ao enviar arquivo: Request aborted
2025-10-06T15:59:33: [VIDEO] Erro ao enviar arquivo: Request aborted
2025-10-06T15:59:34: [VIDEO] Erro ao enviar arquivo: Request aborted
2025-10-06T15:59:34: [VIDEO] Erro ao enviar arquivo: Request aborted
2025-10-06T15:59:35: [VIDEO] Erro ao enviar arquivo: Request aborted
2025-10-06T15:59:36: [VIDEO] Erro ao enviar arquivo: Request aborted
2025-10-06T15:59:37: [VIDEO] Erro ao enviar arquivo: Request aborted
2025-10-06T15:59:37: [VIDEO] Erro ao enviar arquivo: Request aborted
2025-10-06T15:59:38: [VIDEO] Erro ao enviar arquivo: Request aborted
2025-10-06T15:59:38: [VIDEO] Erro ao enviar arquivo: Request aborted
2025-10-06T15:59:39: [VIDEO] Erro ao enviar arquivo: Request aborted
2025-10-06T15:59:39: [VIDEO] Erro ao enviar arquivo: Request aborted
2025-10-06T15:59:40: [VIDEO] Erro ao enviar arquivo: Request aborted
2025-10-06T15:59:41: [VIDEO] Erro ao enviar arquivo: Request aborted
2025-10-06T15:59:42: [VIDEO] Erro ao enviar arquivo: Request aborted
2025-10-06T15:59:42: [VIDEO] Erro ao enviar arquivo: Request aborted
2025-10-06T15:59:43: [VIDEO] Erro ao enviar arquivo: Request aborted
2025-10-06T15:59:43: [VIDEO] Erro ao enviar arquivo: Request aborted
2025-10-06T15:59:45: [VIDEO] Erro ao enviar arquivo: Request aborted
2025-10-06T15:59:45: [VIDEO] Erro ao enviar arquivo: Request aborted
2025-10-06T15:59:46: [VIDEO] Erro ao enviar arquivo: Request aborted
2025-10-06T15:59:46: [VIDEO] Erro ao enviar arquivo: Request aborted
2025-10-06T15:59:48: [VIDEO] Erro ao enviar arquivo: Request aborted
2025-10-06T15:59:48: [VIDEO] Erro ao enviar arquivo: Request aborted
2025-10-06T15:59:50: [VIDEO] Erro ao enviar arquivo: Request aborted
2025-10-06T15:59:50: [VIDEO] Erro ao enviar arquivo: Request aborted
2025-10-06T15:59:51: [VIDEO] Erro ao enviar arquivo: Request aborted
2025-10-06T15:59:51: [VIDEO] Erro ao enviar arquivo: Request aborted
2025-10-06T15:59:53: [VIDEO] Erro ao enviar arquivo: Request aborted
2025-10-06T15:59:53: [VIDEO] Erro ao enviar arquivo: Request aborted
2025-10-06T15:59:53: [VIDEO] Erro ao enviar arquivo: Request aborted
2025-10-06T15:59:53: [VIDEO] Erro ao enviar arquivo: Request aborted
2025-10-06T15:59:54: [VIDEO] Erro ao enviar arquivo: Request aborted
2025-10-06T15:59:54: [VIDEO] Erro ao enviar arquivo: Request aborted
2025-10-06T15:59:54: [VIDEO] Erro ao enviar arquivo: Request aborted
2025-10-06T15:59:54: [VIDEO] Erro ao enviar arquivo: Request aborted
2025-10-06T15:59:55: [VIDEO] Erro ao enviar arquivo: Request aborted
2025-10-06T15:59:55: [VIDEO] Erro ao enviar arquivo: Request aborted
2025-10-06T15:59:55: [VIDEO] Erro ao enviar arquivo: Request aborted
2025-10-06T15:59:55: [VIDEO] Erro ao enviar arquivo: Request aborted
2025-10-06T15:59:56: [VIDEO] Erro ao enviar arquivo: Request aborted
2025-10-06T15:59:56: [VIDEO] Erro ao enviar arquivo: Request aborted
2025-10-06T15:59:56: [VIDEO] Erro ao enviar arquivo: Request aborted
2025-10-06T15:59:56: [VIDEO] Erro ao enviar arquivo: Request aborted
2025-10-06T15:59:57: [VIDEO] Erro ao enviar arquivo: Request aborted
2025-10-06T15:59:57: [VIDEO] Erro ao enviar arquivo: Request aborted
2025-10-06T15:59:58: [VIDEO] Erro ao enviar arquivo: Request aborted
2025-10-06T15:59:58: [VIDEO] Erro ao enviar arquivo: Request aborted
2025-10-06T16:00:00: [VIDEO] Erro ao enviar arquivo: Request aborted
2025-10-06T16:00:01: [VIDEO] Erro ao enviar arquivo: Request aborted
2025-10-06T16:00:01: [VIDEO] Erro ao enviar arquivo: Request aborted
2025-10-06T16:00:01: [VIDEO] Erro ao enviar arquivo: Request aborted
2025-10-06T16:00:02: [VIDEO] Erro ao enviar arquivo: Request aborted
2025-10-06T16:00:02: [VIDEO] Erro ao enviar arquivo: Request aborted
2025-10-06T16:00:03: [VIDEO] Erro ao enviar arquivo: Request aborted
2025-10-06T16:00:03: [VIDEO] Erro ao enviar arquivo: Request aborted
2025-10-06T16:00:04: [VIDEO] Erro ao enviar arquivo: Request aborted
2025-10-06T16:00:04: [VIDEO] Erro ao enviar arquivo: Request aborted
2025-10-06T16:00:05: [VIDEO] Erro ao enviar arquivo: Request aborted
2025-10-06T16:00:05: [VIDEO] Erro ao enviar arquivo: Request aborted
2025-10-06T16:00:05: [VIDEO] Erro ao enviar arquivo: Request aborted
2025-10-06T16:00:06: [VIDEO] Erro ao enviar arquivo: Request aborted
2025-10-06T16:00:06: [VIDEO] Erro ao enviar arquivo: Request aborted
2025-10-06T16:00:06: [VIDEO] Erro ao enviar arquivo: Request aborted
2025-10-06T16:00:07: [VIDEO] Erro ao enviar arquivo: Request aborted
2025-10-06T16:00:07: [VIDEO] Erro ao enviar arquivo: Request aborted
2025-10-06T16:00:08: [VIDEO] Erro ao enviar arquivo: Request aborted
2025-10-06T16:00:08: [VIDEO] Erro ao enviar arquivo: Request aborted
2025-10-06T16:00:09: [VIDEO] Erro ao enviar arquivo: Request aborted
2025-10-06T16:00:09: [VIDEO] Erro ao enviar arquivo: Request aborted
2025-10-06T16:00:09: [VIDEO] Erro ao enviar arquivo: Request aborted
2025-10-06T16:00:10: [VIDEO] Erro ao enviar arquivo: Request aborted
2025-10-06T16:00:10: [VIDEO] Erro ao enviar arquivo: Request aborted
2025-10-06T16:00:11: [VIDEO] Erro ao enviar arquivo: Request aborted
2025-10-06T16:00:11: [VIDEO] Erro ao enviar arquivo: Request aborted
2025-10-06T16:00:12: [VIDEO] Erro ao enviar arquivo: Request aborted
2025-10-06T16:00:13: [VIDEO] Erro ao enviar arquivo: Request aborted
2025-10-06T16:00:13: [VIDEO] Erro ao enviar arquivo: Request aborted
2025-10-06T16:00:14: [VIDEO] Erro ao enviar arquivo: Request aborted
2025-10-06T16:00:14: [VIDEO] Erro ao enviar arquivo: Request aborted
2025-10-06T16:00:15: [VIDEO] Erro ao enviar arquivo: Request aborted
2025-10-06T16:00:15: [VIDEO] Erro ao enviar arquivo: Request aborted
2025-10-06T16:00:16: [VIDEO] Erro ao enviar arquivo: Request aborted
2025-10-06T16:00:17: [VIDEO] Erro ao enviar arquivo: Request aborted
2025-10-06T16:00:17: [VIDEO] Erro ao enviar arquivo: Request aborted
2025-10-06T16:00:18: [VIDEO] Erro ao enviar arquivo: Request aborted
2025-10-06T16:00:18: [VIDEO] Erro ao enviar arquivo: Request aborted
2025-10-06T16:00:19: [VIDEO] Erro ao enviar arquivo: Request aborted
2025-10-06T16:00:20: [VIDEO] Erro ao enviar arquivo: Request aborted
2025-10-06T16:00:21: [VIDEO] Erro ao enviar arquivo: Request aborted
2025-10-06T16:00:22: [VIDEO] Erro ao enviar arquivo: Request aborted
2025-10-06T16:00:22: [VIDEO] Erro ao enviar arquivo: Request aborted
2025-10-06T16:00:23: [VIDEO] Erro ao enviar arquivo: Request aborted
2025-10-06T16:00:23: [VIDEO] Erro ao enviar arquivo: Request aborted
2025-10-06T16:00:23: [VIDEO] Erro ao enviar arquivo: Request aborted
2025-10-06T16:00:24: [VIDEO] Erro ao enviar arquivo: Request aborted
2025-10-06T16:00:24: [VIDEO] Erro ao enviar arquivo: Request aborted
2025-10-06T16:00:24: [VIDEO] Erro ao enviar arquivo: Request aborted
2025-10-06T16:00:24: [VIDEO] Erro ao enviar arquivo: Request aborted
2025-10-06T16:00:25: [VIDEO] Erro ao enviar arquivo: Request aborted
2025-10-06T16:00:25: [VIDEO] Erro ao enviar arquivo: Request aborted
2025-10-06T16:00:25: [VIDEO] Erro ao enviar arquivo: Request aborted
2025-10-06T16:00:25: [VIDEO] Erro ao enviar arquivo: Request aborted
2025-10-06T16:00:26: [VIDEO] Erro ao enviar arquivo: Request aborted
2025-10-06T16:00:26: [VIDEO] Erro ao enviar arquivo: Request aborted
2025-10-06T16:00:26: [VIDEO] Erro ao enviar arquivo: Request aborted
2025-10-06T16:00:27: [VIDEO] Erro ao enviar arquivo: Request aborted
2025-10-06T16:00:27: [VIDEO] Erro ao enviar arquivo: Request aborted
2025-10-06T16:00:27: [VIDEO] Erro ao enviar arquivo: Request aborted
2025-10-06T16:00:28: [VIDEO] Erro ao enviar arquivo: Request aborted
2025-10-06T16:00:28: [VIDEO] Erro ao enviar arquivo: Request aborted
2025-10-06T16:00:29: [VIDEO] Erro ao enviar arquivo: Request aborted
2025-10-06T16:00:29: [VIDEO] Erro ao enviar arquivo: Request aborted
2025-10-06T16:00:29: [VIDEO] Erro ao enviar arquivo: Request aborted
2025-10-06T16:00:30: [VIDEO] Erro ao enviar arquivo: Request aborted
2025-10-06T16:00:30: [VIDEO] Erro ao enviar arquivo: Request aborted
2025-10-06T16:00:30: [VIDEO] Erro ao enviar arquivo: Request aborted
2025-10-06T16:00:31: [VIDEO] Erro ao enviar arquivo: Request aborted
2025-10-06T16:00:31: [VIDEO] Erro ao enviar arquivo: Request aborted
2025-10-06T16:00:32: [VIDEO] Erro ao enviar arquivo: Request aborted
2025-10-06T16:00:32: [VIDEO] Erro ao enviar arquivo: Request aborted
2025-10-06T16:00:33: [VIDEO] Erro ao enviar arquivo: Request aborted
2025-10-06T16:00:33: [VIDEO] Erro ao enviar arquivo: Request aborted
2025-10-06T16:00:34: [VIDEO] Erro ao enviar arquivo: Request aborted
2025-10-06T16:00:35: [VIDEO] Erro ao enviar arquivo: Request aborted
2025-10-06T16:00:36: [VIDEO] Erro ao enviar arquivo: Request aborted
2025-10-06T16:00:36: [VIDEO] Erro ao enviar arquivo: Request aborted
2025-10-06T16:00:37: [VIDEO] Erro ao enviar arquivo: Request aborted
2025-10-06T16:00:38: [VIDEO] Erro ao enviar arquivo: Request aborted
2025-10-06T16:00:38: [VIDEO] Erro ao enviar arquivo: Request aborted
2025-10-06T16:00:39: [VIDEO] Erro ao enviar arquivo: Request aborted
2025-10-06T16:00:39: [VIDEO] Erro ao enviar arquivo: Request aborted
2025-10-06T16:00:40: [VIDEO] Erro ao enviar arquivo: Request aborted
2025-10-06T16:00:41: [VIDEO] Erro ao enviar arquivo: Request aborted
2025-10-06T16:00:42: [VIDEO] Erro ao enviar arquivo: Request aborted
2025-10-06T16:00:42: [VIDEO] Erro ao enviar arquivo: Request aborted
2025-10-06T16:00:43: [VIDEO] Erro ao enviar arquivo: Request aborted
2025-10-06T16:00:43: [VIDEO] Erro ao enviar arquivo: Request aborted
2025-10-06T16:00:44: [VIDEO] Erro ao enviar arquivo: Request aborted
2025-10-06T16:00:45: [VIDEO] Erro ao enviar arquivo: Request aborted
2025-10-06T16:00:46: [VIDEO] Erro ao enviar arquivo: Request aborted
2025-10-06T16:00:46: [VIDEO] Erro ao enviar arquivo: Request aborted
2025-10-06T16:00:47: [VIDEO] Erro ao enviar arquivo: Request aborted
2025-10-06T16:00:48: [VIDEO] Erro ao enviar arquivo: Request aborted
2025-10-06T16:00:49: [VIDEO] Erro ao enviar arquivo: Request aborted
2025-10-06T16:00:50: [VIDEO] Erro ao enviar arquivo: Request aborted
2025-10-06T16:00:51: [VIDEO] Erro ao enviar arquivo: Request aborted
2025-10-06T16:00:51: [VIDEO] Erro ao enviar arquivo: Request aborted
2025-10-06T16:00:52: [VIDEO] Erro ao enviar arquivo: Request aborted
2025-10-06T16:00:53: [VIDEO] Erro ao enviar arquivo: Request aborted
2025-10-06T16:00:54: [VIDEO] Erro ao enviar arquivo: Request aborted
2025-10-06T16:00:54: [VIDEO] Erro ao enviar arquivo: Request aborted
2025-10-06T16:00:54: [VIDEO] Erro ao enviar arquivo: Request aborted
2025-10-06T16:00:54: [VIDEO] Erro ao enviar arquivo: Request aborted
2025-10-06T16:00:54: [VIDEO] Erro ao enviar arquivo: Request aborted
2025-10-06T16:00:55: [VIDEO] Erro ao enviar arquivo: Request aborted
2025-10-06T16:00:55: [VIDEO] Erro ao enviar arquivo: Request aborted
2025-10-06T16:00:55: [VIDEO] Erro ao enviar arquivo: Request aborted
2025-10-06T16:00:55: [VIDEO] Erro ao enviar arquivo: Request aborted
2025-10-06T16:00:56: [VIDEO] Erro ao enviar arquivo: Request aborted
2025-10-06T16:00:56: [VIDEO] Erro ao enviar arquivo: Request aborted
2025-10-06T16:00:56: [VIDEO] Erro ao enviar arquivo: Request aborted
2025-10-06T16:00:56: [VIDEO] Erro ao enviar arquivo: Request aborted
2025-10-06T16:00:57: [VIDEO] Erro ao enviar arquivo: Request aborted
2025-10-06T16:00:57: [VIDEO] Erro ao enviar arquivo: Request aborted
2025-10-06T16:00:58: [VIDEO] Erro ao enviar arquivo: Request aborted
2025-10-06T16:00:58: [VIDEO] Erro ao enviar arquivo: Request aborted
2025-10-06T16:00:58: [VIDEO] Erro ao enviar arquivo: Request aborted
2025-10-06T16:00:58: [VIDEO] Erro ao enviar arquivo: Request aborted
2025-10-06T16:00:59: [VIDEO] Erro ao enviar arquivo: Request aborted
2025-10-06T16:00:59: [VIDEO] Erro ao enviar arquivo: Request aborted
2025-10-06T16:01:00: [VIDEO] Erro ao enviar arquivo: Request aborted
2025-10-06T16:01:00: [VIDEO] Erro ao enviar arquivo: Request aborted
2025-10-06T16:01:00: [VIDEO] Erro ao enviar arquivo: Request aborted
2025-10-06T16:01:00: [VIDEO] Erro ao enviar arquivo: Request aborted
2025-10-06T16:01:00: [VIDEO] Erro ao enviar arquivo: Request aborted
2025-10-06T16:01:00: [VIDEO] Erro ao enviar arquivo: Request aborted
2025-10-06T16:01:01: [VIDEO] Erro ao enviar arquivo: Request aborted
2025-10-06T16:01:01: [VIDEO] Erro ao enviar arquivo: Request aborted
2025-10-06T16:01:02: [VIDEO] Erro ao enviar arquivo: Request aborted
2025-10-06T16:01:02: [VIDEO] Erro ao enviar arquivo: Request aborted
2025-10-06T16:01:02: [VIDEO] Erro ao enviar arquivo: Request aborted
2025-10-06T16:01:02: [VIDEO] Erro ao enviar arquivo: Request aborted
2025-10-06T16:01:03: [VIDEO] Erro ao enviar arquivo: Request aborted
2025-10-06T16:01:03: [VIDEO] Erro ao enviar arquivo: Request aborted
2025-10-06T16:01:04: [VIDEO] Erro ao enviar arquivo: Request aborted
2025-10-06T16:01:04: [VIDEO] Erro ao enviar arquivo: Request aborted
2025-10-06T16:01:04: [VIDEO] Erro ao enviar arquivo: Request aborted
2025-10-06T16:01:04: [VIDEO] Erro ao enviar arquivo: Request aborted
2025-10-06T16:01:05: [VIDEO] Erro ao enviar arquivo: Request aborted
2025-10-06T16:01:05: [VIDEO] Erro ao enviar arquivo: Request aborted
2025-10-06T16:01:06: [VIDEO] Erro ao enviar arquivo: Request aborted
2025-10-06T16:01:06: [VIDEO] Erro ao enviar arquivo: Request aborted
2025-10-06T16:01:07: [VIDEO] Erro ao enviar arquivo: Request aborted
2025-10-06T16:01:07: [VIDEO] Erro ao enviar arquivo: Request aborted
2025-10-06T16:01:08: [VIDEO] Erro ao enviar arquivo: Request aborted
2025-10-06T16:01:08: [VIDEO] Erro ao enviar arquivo: Request aborted
2025-10-06T16:01:09: [VIDEO] Erro ao enviar arquivo: Request aborted
2025-10-06T16:01:09: [VIDEO] Erro ao enviar arquivo: Request aborted
2025-10-06T16:01:10: [VIDEO] Erro ao enviar arquivo: Request aborted
2025-10-06T16:01:10: [VIDEO] Erro ao enviar arquivo: Request aborted
2025-10-06T16:01:11: [VIDEO] Erro ao enviar arquivo: Request aborted
2025-10-06T16:01:11: [VIDEO] Erro ao enviar arquivo: Request aborted
2025-10-06T16:01:13: [VIDEO] Erro ao enviar arquivo: Request aborted
2025-10-06T16:01:13: [VIDEO] Erro ao enviar arquivo: Request aborted
2025-10-06T16:01:14: [VIDEO] Erro ao enviar arquivo: Request aborted
2025-10-06T16:01:14: [VIDEO] Erro ao enviar arquivo: Request aborted
2025-10-06T16:01:15: [VIDEO] Erro ao enviar arquivo: Request aborted
2025-10-06T16:01:15: [VIDEO] Erro ao enviar arquivo: Request aborted
2025-10-06T16:01:16: [VIDEO] Erro ao enviar arquivo: Request aborted
2025-10-06T16:01:16: [VIDEO] Erro ao enviar arquivo: Request aborted
2025-10-06T16:01:18: [VIDEO] Erro ao enviar arquivo: Request aborted
2025-10-06T16:01:18: [VIDEO] Erro ao enviar arquivo: Request aborted
2025-10-06T16:01:19: [VIDEO] Erro ao enviar arquivo: Request aborted
2025-10-06T16:01:19: [VIDEO] Erro ao enviar arquivo: Request aborted
2025-10-06T16:01:21: [VIDEO] Erro ao enviar arquivo: Request aborted
2025-10-06T16:01:21: [VIDEO] Erro ao enviar arquivo: Request aborted
2025-10-06T16:01:22: [VIDEO] Erro ao enviar arquivo: Request aborted
2025-10-06T16:01:22: [VIDEO] Erro ao enviar arquivo: Request aborted
2025-10-06T16:01:24: [VIDEO] Erro ao enviar arquivo: Request aborted
2025-10-06T16:01:24: [VIDEO] Erro ao enviar arquivo: Request aborted
2025-10-06T16:01:24: [VIDEO] Erro ao enviar arquivo: Request aborted
2025-10-06T16:01:24: [VIDEO] Erro ao enviar arquivo: Request aborted
2025-10-06T16:01:24: [VIDEO] Erro ao enviar arquivo: Request aborted
2025-10-06T16:01:24: [VIDEO] Erro ao enviar arquivo: Request aborted
2025-10-06T16:01:24: [VIDEO] Erro ao enviar arquivo: Request aborted
2025-10-06T16:01:24: [VIDEO] Erro ao enviar arquivo: Request aborted
2025-10-06T16:01:25: [VIDEO] Erro ao enviar arquivo: Request aborted
2025-10-06T16:01:25: [VIDEO] Erro ao enviar arquivo: Request aborted
2025-10-06T16:01:25: [VIDEO] Erro ao enviar arquivo: Request aborted
2025-10-06T16:01:25: [VIDEO] Erro ao enviar arquivo: Request aborted
2025-10-06T16:01:26: [VIDEO] Erro ao enviar arquivo: Request aborted
2025-10-06T16:01:26: [VIDEO] Erro ao enviar arquivo: Request aborted
2025-10-06T16:01:26: [VIDEO] Erro ao enviar arquivo: Request aborted
2025-10-06T16:01:26: [VIDEO] Erro ao enviar arquivo: Request aborted
2025-10-06T16:01:27: [VIDEO] Erro ao enviar arquivo: Request aborted
2025-10-06T16:01:27: [VIDEO] Erro ao enviar arquivo: Request aborted
2025-10-06T16:01:28: [VIDEO] Erro ao enviar arquivo: Request aborted
2025-10-06T16:01:28: [VIDEO] Erro ao enviar arquivo: Request aborted
2025-10-06T16:01:28: [VIDEO] Erro ao enviar arquivo: Request aborted
2025-10-06T16:01:28: [VIDEO] Erro ao enviar arquivo: Request aborted
2025-10-06T16:01:29: [VIDEO] Erro ao enviar arquivo: Request aborted
2025-10-06T16:01:29: [VIDEO] Erro ao enviar arquivo: Request aborted
2025-10-06T16:01:29: [VIDEO] Erro ao enviar arquivo: Request aborted
2025-10-06T16:01:30: [VIDEO] Erro ao enviar arquivo: Request aborted
2025-10-06T16:01:30: [VIDEO] Erro ao enviar arquivo: Request aborted
2025-10-06T16:01:30: [VIDEO] Erro ao enviar arquivo: Request aborted
2025-10-06T16:01:31: [VIDEO] Erro ao enviar arquivo: Request aborted
2025-10-06T16:01:31: [VIDEO] Erro ao enviar arquivo: Request aborted
2025-10-06T16:01:31: [VIDEO] Erro ao enviar arquivo: Request aborted
2025-10-06T16:01:32: [VIDEO] Erro ao enviar arquivo: Request aborted
2025-10-06T16:01:32: [VIDEO] Erro ao enviar arquivo: Request aborted
2025-10-06T16:01:33: [VIDEO] Erro ao enviar arquivo: Request aborted
2025-10-06T16:01:33: [VIDEO] Erro ao enviar arquivo: Request aborted
2025-10-06T16:01:34: [VIDEO] Erro ao enviar arquivo: Request aborted
2025-10-06T16:01:34: [VIDEO] Erro ao enviar arquivo: Request aborted
2025-10-06T16:01:35: [VIDEO] Erro ao enviar arquivo: Request aborted
2025-10-06T16:01:35: [VIDEO] Erro ao enviar arquivo: Request aborted
2025-10-06T16:01:36: [VIDEO] Erro ao enviar arquivo: Request aborted
2025-10-06T16:01:36: [VIDEO] Erro ao enviar arquivo: Request aborted
2025-10-06T16:01:37: [VIDEO] Erro ao enviar arquivo: Request aborted
2025-10-06T16:01:37: [VIDEO] Erro ao enviar arquivo: Request aborted
2025-10-06T16:01:38: [VIDEO] Erro ao enviar arquivo: Request aborted
2025-10-06T16:01:39: [VIDEO] Erro ao enviar arquivo: Request aborted
2025-10-06T16:01:39: [VIDEO] Erro ao enviar arquivo: Request aborted
2025-10-06T16:01:40: [VIDEO] Erro ao enviar arquivo: Request aborted
2025-10-06T16:01:40: [VIDEO] Erro ao enviar arquivo: Request aborted
2025-10-06T16:01:41: [VIDEO] Erro ao enviar arquivo: Request aborted
2025-10-06T16:01:41: [VIDEO] Erro ao enviar arquivo: Request aborted
2025-10-06T16:01:42: [VIDEO] Erro ao enviar arquivo: Request aborted
2025-10-06T16:01:43: [VIDEO] Erro ao enviar arquivo: Request aborted
2025-10-06T16:01:44: [VIDEO] Erro ao enviar arquivo: Request aborted
2025-10-06T16:01:44: [VIDEO] Erro ao enviar arquivo: Request aborted
2025-10-06T16:01:45: [VIDEO] Erro ao enviar arquivo: Request aborted
2025-10-06T16:01:45: [VIDEO] Erro ao enviar arquivo: Request aborted
2025-10-06T16:01:46: [VIDEO] Erro ao enviar arquivo: Request aborted
2025-10-06T16:01:47: [VIDEO] Erro ao enviar arquivo: Request aborted
2025-10-06T16:01:48: [VIDEO] Erro ao enviar arquivo: Request aborted
2025-10-06T16:01:49: [VIDEO] Erro ao enviar arquivo: Request aborted
2025-10-06T16:01:49: [VIDEO] Erro ao enviar arquivo: Request aborted
2025-10-06T16:01:50: [VIDEO] Erro ao enviar arquivo: Request aborted
2025-10-06T16:01:51: [VIDEO] Erro ao enviar arquivo: Request aborted
2025-10-06T16:01:52: [VIDEO] Erro ao enviar arquivo: Request aborted
2025-10-06T16:01:52: [VIDEO] Erro ao enviar arquivo: Request aborted
2025-10-06T16:01:54: [VIDEO] Erro ao enviar arquivo: Request aborted
2025-10-06T16:01:54: [VIDEO] Erro ao enviar arquivo: Request aborted
2025-10-06T16:01:54: [VIDEO] Erro ao enviar arquivo: Request aborted
2025-10-06T16:01:54: [VIDEO] Erro ao enviar arquivo: Request aborted
2025-10-06T16:01:54: [VIDEO] Erro ao enviar arquivo: Request aborted
2025-10-06T16:01:55: [VIDEO] Erro ao enviar arquivo: Request aborted
2025-10-06T16:01:55: [VIDEO] Erro ao enviar arquivo: Request aborted
2025-10-06T16:01:55: [VIDEO] Erro ao enviar arquivo: Request aborted
2025-10-06T16:01:55: [VIDEO] Erro ao enviar arquivo: Request aborted
2025-10-06T16:01:56: [VIDEO] Erro ao enviar arquivo: Request aborted
2025-10-06T16:01:56: [VIDEO] Erro ao enviar arquivo: Request aborted
2025-10-06T16:01:56: [VIDEO] Erro ao enviar arquivo: Request aborted
2025-10-06T16:01:56: [VIDEO] Erro ao enviar arquivo: Request aborted
2025-10-06T16:01:57: [VIDEO] Erro ao enviar arquivo: Request aborted
2025-10-06T16:01:57: [VIDEO] Erro ao enviar arquivo: Request aborted
2025-10-06T16:01:58: [VIDEO] Erro ao enviar arquivo: Request aborted
2025-10-06T16:01:58: [VIDEO] Erro ao enviar arquivo: Request aborted
2025-10-06T16:01:58: [VIDEO] Erro ao enviar arquivo: Request aborted
2025-10-06T16:01:58: [VIDEO] Erro ao enviar arquivo: Request aborted
2025-10-06T16:01:59: [VIDEO] Erro ao enviar arquivo: Request aborted
2025-10-06T16:01:59: [VIDEO] Erro ao enviar arquivo: Request aborted
2025-10-06T16:02:00: [VIDEO] Erro ao enviar arquivo: Request aborted
2025-10-06T16:02:00: [VIDEO] Erro ao enviar arquivo: Request aborted
2025-10-06T16:02:01: [VIDEO] Erro ao enviar arquivo: Request aborted
2025-10-06T16:02:01: [VIDEO] Erro ao enviar arquivo: Request aborted
2025-10-06T16:02:02: [VIDEO] Erro ao enviar arquivo: Request aborted
2025-10-06T16:02:02: [VIDEO] Erro ao enviar arquivo: Request aborted
2025-10-06T16:02:03: [VIDEO] Erro ao enviar arquivo: Request aborted
2025-10-06T16:02:03: [VIDEO] Erro ao enviar arquivo: Request aborted
2025-10-06T16:02:04: [VIDEO] Erro ao enviar arquivo: Request aborted
2025-10-06T16:02:04: [VIDEO] Erro ao enviar arquivo: Request aborted
2025-10-06T16:02:05: [VIDEO] Erro ao enviar arquivo: Request aborted
2025-10-06T16:02:05: [VIDEO] Erro ao enviar arquivo: Request aborted
2025-10-06T16:02:06: [VIDEO] Erro ao enviar arquivo: Request aborted
2025-10-06T16:02:06: [VIDEO] Erro ao enviar arquivo: Request aborted
2025-10-06T16:02:07: [VIDEO] Erro ao enviar arquivo: Request aborted
2025-10-06T16:02:07: [VIDEO] Erro ao enviar arquivo: Request aborted
2025-10-06T16:02:08: [VIDEO] Erro ao enviar arquivo: Request aborted
2025-10-06T16:02:09: [VIDEO] Erro ao enviar arquivo: Request aborted
2025-10-06T16:02:10: [VIDEO] Erro ao enviar arquivo: Request aborted
2025-10-06T16:02:10: [VIDEO] Erro ao enviar arquivo: Request aborted
2025-10-06T16:02:11: [VIDEO] Erro ao enviar arquivo: Request aborted
2025-10-06T16:02:11: [VIDEO] Erro ao enviar arquivo: Request aborted
2025-10-06T16:02:12: [VIDEO] Erro ao enviar arquivo: Request aborted
2025-10-06T16:02:13: [VIDEO] Erro ao enviar arquivo: Request aborted
2025-10-06T16:02:14: [VIDEO] Erro ao enviar arquivo: Request aborted
2025-10-06T16:02:14: [VIDEO] Erro ao enviar arquivo: Request aborted
2025-10-06T16:02:15: [VIDEO] Erro ao enviar arquivo: Request aborted
2025-10-06T16:02:15: [VIDEO] Erro ao enviar arquivo: Request aborted
2025-10-06T16:02:17: [VIDEO] Erro ao enviar arquivo: Request aborted
2025-10-06T16:02:17: [VIDEO] Erro ao enviar arquivo: Request aborted
2025-10-06T16:02:18: [VIDEO] Erro ao enviar arquivo: Request aborted
2025-10-06T16:02:18: [VIDEO] Erro ao enviar arquivo: Request aborted
2025-10-06T16:02:20: [VIDEO] Erro ao enviar arquivo: Request aborted
2025-10-06T16:02:20: [VIDEO] Erro ao enviar arquivo: Request aborted
2025-10-06T16:02:22: [VIDEO] Erro ao enviar arquivo: Request aborted
2025-10-06T16:02:22: [VIDEO] Erro ao enviar arquivo: Request aborted
2025-10-06T16:02:24: [VIDEO] Erro ao enviar arquivo: Request aborted
2025-10-06T16:02:24: [VIDEO] Erro ao enviar arquivo: Request aborted
2025-10-06T16:02:24: [VIDEO] Erro ao enviar arquivo: Request aborted
2025-10-06T16:02:24: [VIDEO] Erro ao enviar arquivo: Request aborted
2025-10-06T16:02:24: [VIDEO] Erro ao enviar arquivo: Request aborted
2025-10-06T16:02:24: [VIDEO] Erro ao enviar arquivo: Request aborted
2025-10-06T16:02:24: [VIDEO] Erro ao enviar arquivo: Request aborted
2025-10-06T16:02:24: [VIDEO] Erro ao enviar arquivo: Request aborted
2025-10-06T16:02:25: [VIDEO] Erro ao enviar arquivo: Request aborted
2025-10-06T16:02:25: [VIDEO] Erro ao enviar arquivo: Request aborted
2025-10-06T16:02:25: [VIDEO] Erro ao enviar arquivo: Request aborted
2025-10-06T16:02:25: [VIDEO] Erro ao enviar arquivo: Request aborted
2025-10-06T16:02:26: [VIDEO] Erro ao enviar arquivo: Request aborted
2025-10-06T16:02:26: [VIDEO] Erro ao enviar arquivo: Request aborted
2025-10-06T16:02:26: [VIDEO] Erro ao enviar arquivo: Request aborted
2025-10-06T16:02:26: [VIDEO] Erro ao enviar arquivo: Request aborted
2025-10-06T16:02:27: [VIDEO] Erro ao enviar arquivo: Request aborted
2025-10-06T16:02:27: [VIDEO] Erro ao enviar arquivo: Request aborted
2025-10-06T16:02:28: [VIDEO] Erro ao enviar arquivo: Request aborted
2025-10-06T16:02:28: [VIDEO] Erro ao enviar arquivo: Request aborted
2025-10-06T16:02:28: [VIDEO] Erro ao enviar arquivo: Request aborted
2025-10-06T16:02:28: [VIDEO] Erro ao enviar arquivo: Request aborted
2025-10-06T16:02:29: [VIDEO] Erro ao enviar arquivo: Request aborted
2025-10-06T16:02:29: [VIDEO] Erro ao enviar arquivo: Request aborted
2025-10-06T16:02:30: [VIDEO] Erro ao enviar arquivo: Request aborted
2025-10-06T16:02:30: [VIDEO] Erro ao enviar arquivo: Request aborted
2025-10-06T16:02:31: [VIDEO] Erro ao enviar arquivo: Request aborted
2025-10-06T16:02:31: [VIDEO] Erro ao enviar arquivo: Request aborted
2025-10-06T16:02:32: [VIDEO] Erro ao enviar arquivo: Request aborted
2025-10-06T16:02:32: [VIDEO] Erro ao enviar arquivo: Request aborted
2025-10-06T16:02:33: [VIDEO] Erro ao enviar arquivo: Request aborted
2025-10-06T16:02:33: [VIDEO] Erro ao enviar arquivo: Request aborted
2025-10-06T16:02:34: [VIDEO] Erro ao enviar arquivo: Request aborted
2025-10-06T16:02:34: [VIDEO] Erro ao enviar arquivo: Request aborted
2025-10-06T16:02:35: [VIDEO] Erro ao enviar arquivo: Request aborted
2025-10-06T16:02:35: [VIDEO] Erro ao enviar arquivo: Request aborted
2025-10-06T16:02:36: [VIDEO] Erro ao enviar arquivo: Request aborted
2025-10-06T16:02:36: [VIDEO] Erro ao enviar arquivo: Request aborted
2025-10-06T16:02:37: [VIDEO] Erro ao enviar arquivo: Request aborted
2025-10-06T16:02:37: [VIDEO] Erro ao enviar arquivo: Request aborted
2025-10-06T16:02:38: [VIDEO] Erro ao enviar arquivo: Request aborted
2025-10-06T16:02:38: [VIDEO] Erro ao enviar arquivo: Request aborted
2025-10-06T16:02:40: [VIDEO] Erro ao enviar arquivo: Request aborted
2025-10-06T16:02:40: [VIDEO] Erro ao enviar arquivo: Request aborted
2025-10-06T16:02:41: [VIDEO] Erro ao enviar arquivo: Request aborted
2025-10-06T16:02:41: [VIDEO] Erro ao enviar arquivo: Request aborted
2025-10-06T16:02:42: [VIDEO] Erro ao enviar arquivo: Request aborted
2025-10-06T16:02:42: [VIDEO] Erro ao enviar arquivo: Request aborted
2025-10-06T16:02:44: [VIDEO] Erro ao enviar arquivo: Request aborted
2025-10-06T16:02:44: [VIDEO] Erro ao enviar arquivo: Request aborted
2025-10-06T16:02:45: [VIDEO] Erro ao enviar arquivo: Request aborted
2025-10-06T16:02:45: [VIDEO] Erro ao enviar arquivo: Request aborted
2025-10-06T16:02:47: [VIDEO] Erro ao enviar arquivo: Request aborted
2025-10-06T16:02:47: [VIDEO] Erro ao enviar arquivo: Request aborted
2025-10-06T16:02:49: [VIDEO] Erro ao enviar arquivo: Request aborted
2025-10-06T16:02:49: [VIDEO] Erro ao enviar arquivo: Request aborted
2025-10-06T16:02:50: [VIDEO] Erro ao enviar arquivo: Request aborted
2025-10-06T16:02:50: [VIDEO] Erro ao enviar arquivo: Request aborted
2025-10-06T16:02:52: [VIDEO] Erro ao enviar arquivo: Request aborted
2025-10-06T16:02:52: [VIDEO] Erro ao enviar arquivo: Request aborted
2025-10-06T16:02:54: [VIDEO] Erro ao enviar arquivo: Request aborted
2025-10-06T16:02:54: [VIDEO] Erro ao enviar arquivo: Request aborted
2025-10-06T16:02:54: [VIDEO] Erro ao enviar arquivo: Request aborted
2025-10-06T16:02:54: [VIDEO] Erro ao enviar arquivo: Request aborted
2025-10-06T16:02:54: [VIDEO] Erro ao enviar arquivo: Request aborted
2025-10-06T16:02:54: [VIDEO] Erro ao enviar arquivo: Request aborted
2025-10-06T16:02:55: [VIDEO] Erro ao enviar arquivo: Request aborted
2025-10-06T16:02:55: [VIDEO] Erro ao enviar arquivo: Request aborted
2025-10-06T16:02:55: [VIDEO] Erro ao enviar arquivo: Request aborted
2025-10-06T16:02:55: [VIDEO] Erro ao enviar arquivo: Request aborted
2025-10-06T16:02:56: [VIDEO] Erro ao enviar arquivo: Request aborted
2025-10-06T16:02:56: [VIDEO] Erro ao enviar arquivo: Request aborted
2025-10-06T16:02:56: [VIDEO] Erro ao enviar arquivo: Request aborted
2025-10-06T16:02:56: [VIDEO] Erro ao enviar arquivo: Request aborted
2025-10-06T16:02:57: [VIDEO] Erro ao enviar arquivo: Request aborted
2025-10-06T16:02:57: [VIDEO] Erro ao enviar arquivo: Request aborted
2025-10-06T16:02:57: [VIDEO] Erro ao enviar arquivo: Request aborted
2025-10-06T16:02:58: [VIDEO] Erro ao enviar arquivo: Request aborted
2025-10-06T16:02:58: [VIDEO] Erro ao enviar arquivo: Request aborted
2025-10-06T16:02:58: [VIDEO] Erro ao enviar arquivo: Request aborted
2025-10-06T16:02:58: [VIDEO] Erro ao enviar arquivo: Request aborted
2025-10-06T16:02:59: [VIDEO] Erro ao enviar arquivo: Request aborted
2025-10-06T16:02:59: [VIDEO] Erro ao enviar arquivo: Request aborted
2025-10-06T16:03:00: [VIDEO] Erro ao enviar arquivo: Request aborted
2025-10-06T16:03:00: [VIDEO] Erro ao enviar arquivo: Request aborted
2025-10-06T16:03:00: [VIDEO] Erro ao enviar arquivo: Request aborted
2025-10-06T16:03:01: [VIDEO] Erro ao enviar arquivo: Request aborted
2025-10-06T16:03:01: [VIDEO] Erro ao enviar arquivo: Request aborted
2025-10-06T16:03:51: Error [ERR_HTTP_HEADERS_SENT]: Cannot set headers after they are sent to the client
2025-10-06T16:03:51:     at ServerResponse.setHeader (node:_http_outgoing:655:11)
2025-10-06T16:03:51:     at SendStream.setHeader (/srv/apps/Fi.VApp-Replit/node_modules/send/index.js:858:9)
2025-10-06T16:03:51:     at SendStream.send (/srv/apps/Fi.VApp-Replit/node_modules/send/index.js:619:8)
2025-10-06T16:03:51:     at onstat (/srv/apps/Fi.VApp-Replit/node_modules/send/index.js:724:10)
2025-10-06T16:03:51:     at FSReqCallback.oncomplete (node:fs:199:5) {
2025-10-06T16:03:51:   code: 'ERR_HTTP_HEADERS_SENT'
2025-10-06T16:03:51: }
2025-10-06T16:04:22: Error [ERR_HTTP_HEADERS_SENT]: Cannot set headers after they are sent to the client
2025-10-06T16:04:22:     at ServerResponse.setHeader (node:_http_outgoing:655:11)
2025-10-06T16:04:22:     at SendStream.setHeader (/srv/apps/Fi.VApp-Replit/node_modules/send/index.js:858:9)
2025-10-06T16:04:22:     at SendStream.send (/srv/apps/Fi.VApp-Replit/node_modules/send/index.js:619:8)
2025-10-06T16:04:22:     at onstat (/srv/apps/Fi.VApp-Replit/node_modules/send/index.js:724:10)
2025-10-06T16:04:22:     at FSReqCallback.oncomplete (node:fs:199:5) {
2025-10-06T16:04:22:   code: 'ERR_HTTP_HEADERS_SENT'
2025-10-06T16:04:22: }
2025-10-06T16:04:27: Error [ERR_HTTP_HEADERS_SENT]: Cannot set headers after they are sent to the client
2025-10-06T16:04:27:     at ServerResponse.setHeader (node:_http_outgoing:655:11)
2025-10-06T16:04:27:     at SendStream.setHeader (/srv/apps/Fi.VApp-Replit/node_modules/send/index.js:858:9)
2025-10-06T16:04:27:     at SendStream.send (/srv/apps/Fi.VApp-Replit/node_modules/send/index.js:619:8)
2025-10-06T16:04:27:     at onstat (/srv/apps/Fi.VApp-Replit/node_modules/send/index.js:724:10)
2025-10-06T16:04:27:     at FSReqCallback.oncomplete (node:fs:199:5) {
2025-10-06T16:04:27:   code: 'ERR_HTTP_HEADERS_SENT'
2025-10-06T16:04:27: }
2025-10-06T16:09:24: Error [ERR_HTTP_HEADERS_SENT]: Cannot set headers after they are sent to the client
2025-10-06T16:09:24:     at ServerResponse.setHeader (node:_http_outgoing:655:11)
2025-10-06T16:09:24:     at SendStream.setHeader (/srv/apps/Fi.VApp-Replit/node_modules/send/index.js:858:9)
2025-10-06T16:09:24:     at SendStream.send (/srv/apps/Fi.VApp-Replit/node_modules/send/index.js:619:8)
2025-10-06T16:09:24:     at onstat (/srv/apps/Fi.VApp-Replit/node_modules/send/index.js:724:10)
2025-10-06T16:09:24:     at FSReqCallback.oncomplete (node:fs:199:5) {
2025-10-06T16:09:24:   code: 'ERR_HTTP_HEADERS_SENT'
2025-10-06T16:09:24: }
2025-10-06T16:10:04: Error [ERR_HTTP_HEADERS_SENT]: Cannot set headers after they are sent to the client
2025-10-06T16:10:04:     at ServerResponse.setHeader (node:_http_outgoing:655:11)
2025-10-06T16:10:04:     at SendStream.setHeader (/srv/apps/Fi.VApp-Replit/node_modules/send/index.js:858:9)
2025-10-06T16:10:04:     at SendStream.send (/srv/apps/Fi.VApp-Replit/node_modules/send/index.js:619:8)
2025-10-06T16:10:04:     at onstat (/srv/apps/Fi.VApp-Replit/node_modules/send/index.js:724:10)
2025-10-06T16:10:04:     at FSReqCallback.oncomplete (node:fs:199:5) {
2025-10-06T16:10:04:   code: 'ERR_HTTP_HEADERS_SENT'
2025-10-06T16:10:04: }
